The system is: Windows - 10.0.18362 - AMD64
Compiling the C compiler identification source file "CMakeCCompilerId.c" succeeded.
Compiler: C:/Program Files (x86)/Microsoft Visual Studio/2017/Community/VC/Tools/MSVC/14.11.25503/bin/HostX86/x86/cl.exe 
Build flags: 
Id flags:  

The output was:
0
用于 x86 的 Microsoft (R) C/C++ 优化编译器 19.11.25547 版
版权所有(C) Microsoft Corporation。保留所有权利。

CMakeCCompilerId.c
Microsoft (R) Incremental Linker Version 14.11.25547.0
Copyright (C) Microsoft Corporation.  All rights reserved.

/out:CMakeCCompilerId.exe 
CMakeCCompilerId.obj 


Compilation of the C compiler identification source "CMakeCCompilerId.c" produced "CMakeCCompilerId.exe"

Compilation of the C compiler identification source "CMakeCCompilerId.c" produced "CMakeCCompilerId.obj"

The C compiler identification is MSVC, found in "D:/UCI_MCS/260P/Proj1/cmake-build-debug/CMakeFiles/3.17.3/CompilerIdC/CMakeCCompilerId.exe"

Determining if the C compiler works passed with the following output:
Change Dir: D:/UCI_MCS/260P/Proj1/cmake-build-debug/CMakeFiles/CMakeTmp

Run Build Command(s):nmake /nologo cmTC_c0d50\fast && 	"C:\Program Files (x86)\Microsoft Visual Studio\2017\Community\VC\Tools\MSVC\14.11.25503\bin\HostX86\x86\nmake.exe"  -f CMakeFiles\cmTC_c0d50.dir\build.make /nologo -L                  CMakeFiles\cmTC_c0d50.dir\build
Building C object CMakeFiles/cmTC_c0d50.dir/testCCompiler.c.obj
	C:\PROGRA~2\MICROS~2\2017\COMMUN~1\VC\Tools\MSVC\1411~1.255\bin\HostX86\x86\cl.exe @C:\Users\SQ\AppData\Local\Temp\nmAFE5.tmp
testCCompiler.c
Linking C executable cmTC_c0d50.exe
	"D:\Applications\CLion 2020.2.4\bin\cmake\win\bin\cmake.exe" -E vs_link_exe --intdir=CMakeFiles\cmTC_c0d50.dir --rc=C:\PROGRA~2\WI3CF2~1\10\bin\100162~1.0\x86\rc.exe --mt=C:\PROGRA~2\WI3CF2~1\10\bin\100162~1.0\x86\mt.exe --manifests  -- C:\PROGRA~2\MICROS~2\2017\COMMUN~1\VC\Tools\MSVC\1411~1.255\bin\HostX86\x86\link.exe /nologo @CMakeFiles\cmTC_c0d50.dir\objects1.rsp @C:\Users\SQ\AppData\Local\Temp\nmB0E0.tmp



Detecting C compiler ABI info compiled with the following output:
Change Dir: D:/UCI_MCS/260P/Proj1/cmake-build-debug/CMakeFiles/CMakeTmp

Run Build Command(s):nmake /nologo cmTC_0f270\fast && 	"C:\Program Files (x86)\Microsoft Visual Studio\2017\Community\VC\Tools\MSVC\14.11.25503\bin\HostX86\x86\nmake.exe"  -f CMakeFiles\cmTC_0f270.dir\build.make /nologo -L                  CMakeFiles\cmTC_0f270.dir\build
Building C object CMakeFiles/cmTC_0f270.dir/CMakeCCompilerABI.c.obj
	C:\PROGRA~2\MICROS~2\2017\COMMUN~1\VC\Tools\MSVC\1411~1.255\bin\HostX86\x86\cl.exe @C:\Users\SQ\AppData\Local\Temp\nmB719.tmp
CMakeCCompilerABI.c
Linking C executable cmTC_0f270.exe
	"D:\Applications\CLion 2020.2.4\bin\cmake\win\bin\cmake.exe" -E vs_link_exe --intdir=CMakeFiles\cmTC_0f270.dir --rc=C:\PROGRA~2\WI3CF2~1\10\bin\100162~1.0\x86\rc.exe --mt=C:\PROGRA~2\WI3CF2~1\10\bin\100162~1.0\x86\mt.exe --manifests  -- C:\PROGRA~2\MICROS~2\2017\COMMUN~1\VC\Tools\MSVC\1411~1.255\bin\HostX86\x86\link.exe /nologo @CMakeFiles\cmTC_0f270.dir\objects1.rsp @C:\Users\SQ\AppData\Local\Temp\nmBA75.tmp



